mode: set
github.com/Ulbora/go-micro-blog/handlers/blogHandler.go:26.70,28.2 0 0
github.com/Ulbora/go-micro-blog/handlers/blogHandler.go:31.73,33.2 0 0
github.com/Ulbora/go-micro-blog/handlers/blogHandler.go:36.70,38.2 0 0
github.com/Ulbora/go-micro-blog/handlers/blogHandler.go:41.76,43.2 0 0
github.com/Ulbora/go-micro-blog/handlers/blogHandler.go:46.74,48.2 0 0
github.com/Ulbora/go-micro-blog/handlers/blogHandler.go:51.75,53.2 0 0
github.com/Ulbora/go-micro-blog/handlers/blogHandler.go:56.76,58.2 0 0
github.com/Ulbora/go-micro-blog/handlers/commentHandler.go:26.73,28.2 0 0
github.com/Ulbora/go-micro-blog/handlers/commentHandler.go:31.76,33.2 0 0
github.com/Ulbora/go-micro-blog/handlers/commentHandler.go:36.77,38.2 0 0
github.com/Ulbora/go-micro-blog/handlers/commentHandler.go:41.78,43.2 0 0
github.com/Ulbora/go-micro-blog/handlers/commentHandler.go:46.79,48.2 0 0
github.com/Ulbora/go-micro-blog/handlers/configHandler.go:26.75,28.2 0 0
github.com/Ulbora/go-micro-blog/handlers/configHandler.go:31.72,33.2 0 0
github.com/Ulbora/go-micro-blog/handlers/likeHandler.go:26.70,28.2 0 0
github.com/Ulbora/go-micro-blog/handlers/likeHandler.go:31.73,33.2 0 0
github.com/Ulbora/go-micro-blog/handlers/likeHandler.go:36.72,38.2 0 0
github.com/Ulbora/go-micro-blog/handlers/mcHandler.go:44.35,46.2 1 1
github.com/Ulbora/go-micro-blog/handlers/mcHandler.go:48.57,53.24 5 1
github.com/Ulbora/go-micro-blog/handlers/mcHandler.go:53.24,55.3 1 1
github.com/Ulbora/go-micro-blog/handlers/mcHandler.go:56.2,56.12 1 1
github.com/Ulbora/go-micro-blog/handlers/mcHandler.go:59.62,64.34 5 1
github.com/Ulbora/go-micro-blog/handlers/mcHandler.go:64.34,66.3 1 1
github.com/Ulbora/go-micro-blog/handlers/mcHandler.go:67.2,67.12 1 1
github.com/Ulbora/go-micro-blog/handlers/mcHandler.go:71.56,74.33 3 1
github.com/Ulbora/go-micro-blog/handlers/mcHandler.go:74.33,76.3 1 1
github.com/Ulbora/go-micro-blog/handlers/mcHandler.go:77.2,77.12 1 1
github.com/Ulbora/go-micro-blog/handlers/mcHandler.go:81.59,83.2 1 1
github.com/Ulbora/go-micro-blog/handlers/mcHandler.go:86.73,91.19 4 1
github.com/Ulbora/go-micro-blog/handlers/mcHandler.go:91.19,96.17 3 1
github.com/Ulbora/go-micro-blog/handlers/mcHandler.go:96.17,99.4 1 1
github.com/Ulbora/go-micro-blog/handlers/mcHandler.go:99.9,101.4 1 1
github.com/Ulbora/go-micro-blog/handlers/mcHandler.go:102.8,104.3 1 1
github.com/Ulbora/go-micro-blog/handlers/mcHandler.go:105.2,105.17 1 1
github.com/Ulbora/go-micro-blog/handlers/roleHandler.go:26.70,28.2 0 0
github.com/Ulbora/go-micro-blog/handlers/roleHandler.go:31.70,33.2 0 0
github.com/Ulbora/go-micro-blog/handlers/roleHandler.go:36.74,38.2 0 0
github.com/Ulbora/go-micro-blog/handlers/roleHandler.go:41.73,43.2 0 0
github.com/Ulbora/go-micro-blog/handlers/userAuthHandler.go:26.74,28.2 0 0
github.com/Ulbora/go-micro-blog/handlers/userAuthHandler.go:31.78,33.2 0 0
github.com/Ulbora/go-micro-blog/handlers/userHandler.go:26.70,28.2 0 0
github.com/Ulbora/go-micro-blog/handlers/userHandler.go:31.73,33.2 0 0
github.com/Ulbora/go-micro-blog/handlers/userHandler.go:36.70,38.2 0 0
github.com/Ulbora/go-micro-blog/handlers/userHandler.go:41.74,43.2 0 0
github.com/Ulbora/go-micro-blog/handlers/userHandler.go:46.73,48.2 0 0
github.com/Ulbora/go-micro-blog/handlers/userHandler.go:51.74,53.2 0 0
