mode: set
github.com/Ulbora/go-micro-blog/handlers/blogHandler.go:35.69,38.11 3 1
github.com/Ulbora/go-micro-blog/handlers/blogHandler.go:38.11,40.3 1 1
github.com/Ulbora/go-micro-blog/handlers/blogHandler.go:40.8,45.47 5 1
github.com/Ulbora/go-micro-blog/handlers/blogHandler.go:45.47,47.4 1 1
github.com/Ulbora/go-micro-blog/handlers/blogHandler.go:47.9,50.32 3 1
github.com/Ulbora/go-micro-blog/handlers/blogHandler.go:50.32,54.5 3 1
github.com/Ulbora/go-micro-blog/handlers/blogHandler.go:54.10,56.5 1 1
github.com/Ulbora/go-micro-blog/handlers/blogHandler.go:62.72,65.11 3 1
github.com/Ulbora/go-micro-blog/handlers/blogHandler.go:65.11,67.3 1 1
github.com/Ulbora/go-micro-blog/handlers/blogHandler.go:67.8,72.48 5 1
github.com/Ulbora/go-micro-blog/handlers/blogHandler.go:72.48,74.4 1 1
github.com/Ulbora/go-micro-blog/handlers/blogHandler.go:74.9,77.18 3 1
github.com/Ulbora/go-micro-blog/handlers/blogHandler.go:77.18,81.5 3 1
github.com/Ulbora/go-micro-blog/handlers/blogHandler.go:81.10,83.5 1 1
github.com/Ulbora/go-micro-blog/handlers/blogHandler.go:89.69,93.35 4 1
github.com/Ulbora/go-micro-blog/handlers/blogHandler.go:93.35,96.20 3 1
github.com/Ulbora/go-micro-blog/handlers/blogHandler.go:96.20,98.32 2 1
github.com/Ulbora/go-micro-blog/handlers/blogHandler.go:98.32,102.5 3 1
github.com/Ulbora/go-micro-blog/handlers/blogHandler.go:102.10,104.5 1 1
github.com/Ulbora/go-micro-blog/handlers/blogHandler.go:105.9,107.4 1 1
github.com/Ulbora/go-micro-blog/handlers/blogHandler.go:108.8,110.3 1 1
github.com/Ulbora/go-micro-blog/handlers/blogHandler.go:114.75,118.35 4 1
github.com/Ulbora/go-micro-blog/handlers/blogHandler.go:118.35,125.35 6 1
github.com/Ulbora/go-micro-blog/handlers/blogHandler.go:125.35,130.4 4 1
github.com/Ulbora/go-micro-blog/handlers/blogHandler.go:130.9,132.4 1 1
github.com/Ulbora/go-micro-blog/handlers/blogHandler.go:133.8,135.3 1 1
github.com/Ulbora/go-micro-blog/handlers/blogHandler.go:139.73,143.35 4 1
github.com/Ulbora/go-micro-blog/handlers/blogHandler.go:143.35,149.35 5 1
github.com/Ulbora/go-micro-blog/handlers/blogHandler.go:149.35,154.4 4 1
github.com/Ulbora/go-micro-blog/handlers/blogHandler.go:154.9,156.4 1 1
github.com/Ulbora/go-micro-blog/handlers/blogHandler.go:157.8,159.3 1 1
github.com/Ulbora/go-micro-blog/handlers/blogHandler.go:163.78,167.62 4 1
github.com/Ulbora/go-micro-blog/handlers/blogHandler.go:167.62,173.35 5 1
github.com/Ulbora/go-micro-blog/handlers/blogHandler.go:173.35,178.4 4 1
github.com/Ulbora/go-micro-blog/handlers/blogHandler.go:178.9,180.4 1 1
github.com/Ulbora/go-micro-blog/handlers/blogHandler.go:181.8,183.3 1 1
github.com/Ulbora/go-micro-blog/handlers/blogHandler.go:187.74,191.62 4 1
github.com/Ulbora/go-micro-blog/handlers/blogHandler.go:191.62,194.19 3 1
github.com/Ulbora/go-micro-blog/handlers/blogHandler.go:194.19,201.4 6 1
github.com/Ulbora/go-micro-blog/handlers/blogHandler.go:201.9,203.4 1 1
github.com/Ulbora/go-micro-blog/handlers/blogHandler.go:204.8,206.3 1 1
github.com/Ulbora/go-micro-blog/handlers/blogHandler.go:210.75,214.62 4 1
github.com/Ulbora/go-micro-blog/handlers/blogHandler.go:214.62,217.19 3 1
github.com/Ulbora/go-micro-blog/handlers/blogHandler.go:217.19,224.4 6 1
github.com/Ulbora/go-micro-blog/handlers/blogHandler.go:224.9,226.4 1 1
github.com/Ulbora/go-micro-blog/handlers/blogHandler.go:227.8,229.3 1 1
github.com/Ulbora/go-micro-blog/handlers/commentHandler.go:35.72,38.11 3 1
github.com/Ulbora/go-micro-blog/handlers/commentHandler.go:38.11,40.3 1 1
github.com/Ulbora/go-micro-blog/handlers/commentHandler.go:40.8,45.47 5 1
github.com/Ulbora/go-micro-blog/handlers/commentHandler.go:45.47,47.4 1 1
github.com/Ulbora/go-micro-blog/handlers/commentHandler.go:47.9,50.32 3 1
github.com/Ulbora/go-micro-blog/handlers/commentHandler.go:50.32,54.5 3 1
github.com/Ulbora/go-micro-blog/handlers/commentHandler.go:54.10,56.5 1 1
github.com/Ulbora/go-micro-blog/handlers/commentHandler.go:62.75,65.11 3 1
github.com/Ulbora/go-micro-blog/handlers/commentHandler.go:65.11,67.3 1 1
github.com/Ulbora/go-micro-blog/handlers/commentHandler.go:67.8,72.48 5 1
github.com/Ulbora/go-micro-blog/handlers/commentHandler.go:72.48,74.4 1 1
github.com/Ulbora/go-micro-blog/handlers/commentHandler.go:74.9,77.18 3 1
github.com/Ulbora/go-micro-blog/handlers/commentHandler.go:77.18,81.5 3 1
github.com/Ulbora/go-micro-blog/handlers/commentHandler.go:81.10,83.5 1 1
github.com/Ulbora/go-micro-blog/handlers/commentHandler.go:89.76,93.35 4 1
github.com/Ulbora/go-micro-blog/handlers/commentHandler.go:93.35,101.50 7 1
github.com/Ulbora/go-micro-blog/handlers/commentHandler.go:101.50,106.4 4 1
github.com/Ulbora/go-micro-blog/handlers/commentHandler.go:106.9,108.4 1 1
github.com/Ulbora/go-micro-blog/handlers/commentHandler.go:109.8,111.3 1 1
github.com/Ulbora/go-micro-blog/handlers/commentHandler.go:115.77,119.62 4 1
github.com/Ulbora/go-micro-blog/handlers/commentHandler.go:119.62,122.19 3 1
github.com/Ulbora/go-micro-blog/handlers/commentHandler.go:122.19,129.4 6 1
github.com/Ulbora/go-micro-blog/handlers/commentHandler.go:129.9,131.4 1 1
github.com/Ulbora/go-micro-blog/handlers/commentHandler.go:132.8,134.3 1 1
github.com/Ulbora/go-micro-blog/handlers/commentHandler.go:138.78,142.62 4 1
github.com/Ulbora/go-micro-blog/handlers/commentHandler.go:142.62,145.19 3 1
github.com/Ulbora/go-micro-blog/handlers/commentHandler.go:145.19,152.4 6 1
github.com/Ulbora/go-micro-blog/handlers/commentHandler.go:152.9,154.4 1 1
github.com/Ulbora/go-micro-blog/handlers/commentHandler.go:155.8,157.3 1 1
github.com/Ulbora/go-micro-blog/handlers/configHandler.go:33.74,36.11 3 1
github.com/Ulbora/go-micro-blog/handlers/configHandler.go:36.11,38.3 1 1
github.com/Ulbora/go-micro-blog/handlers/configHandler.go:38.8,43.53 5 1
github.com/Ulbora/go-micro-blog/handlers/configHandler.go:43.53,45.4 1 1
github.com/Ulbora/go-micro-blog/handlers/configHandler.go:45.9,50.19 5 1
github.com/Ulbora/go-micro-blog/handlers/configHandler.go:50.19,54.5 3 1
github.com/Ulbora/go-micro-blog/handlers/configHandler.go:54.10,56.5 1 1
github.com/Ulbora/go-micro-blog/handlers/configHandler.go:62.71,64.30 2 1
github.com/Ulbora/go-micro-blog/handlers/configHandler.go:64.30,66.3 1 1
github.com/Ulbora/go-micro-blog/handlers/configHandler.go:66.8,71.3 4 1
github.com/Ulbora/go-micro-blog/handlers/likeHandler.go:26.70,28.2 0 0
github.com/Ulbora/go-micro-blog/handlers/likeHandler.go:31.73,33.2 0 0
github.com/Ulbora/go-micro-blog/handlers/likeHandler.go:36.72,38.2 0 0
github.com/Ulbora/go-micro-blog/handlers/mcHandler.go:44.35,46.2 1 1
github.com/Ulbora/go-micro-blog/handlers/mcHandler.go:48.57,53.24 5 1
github.com/Ulbora/go-micro-blog/handlers/mcHandler.go:53.24,55.3 1 1
github.com/Ulbora/go-micro-blog/handlers/mcHandler.go:56.2,56.12 1 1
github.com/Ulbora/go-micro-blog/handlers/mcHandler.go:59.62,64.34 5 1
github.com/Ulbora/go-micro-blog/handlers/mcHandler.go:64.34,66.3 1 1
github.com/Ulbora/go-micro-blog/handlers/mcHandler.go:67.2,67.12 1 1
github.com/Ulbora/go-micro-blog/handlers/mcHandler.go:71.56,74.33 3 1
github.com/Ulbora/go-micro-blog/handlers/mcHandler.go:74.33,76.3 1 1
github.com/Ulbora/go-micro-blog/handlers/mcHandler.go:77.2,77.12 1 1
github.com/Ulbora/go-micro-blog/handlers/mcHandler.go:81.59,83.2 1 1
github.com/Ulbora/go-micro-blog/handlers/mcHandler.go:86.73,91.19 4 1
github.com/Ulbora/go-micro-blog/handlers/mcHandler.go:91.19,96.17 3 1
github.com/Ulbora/go-micro-blog/handlers/mcHandler.go:96.17,99.4 1 1
github.com/Ulbora/go-micro-blog/handlers/mcHandler.go:99.9,101.4 1 1
github.com/Ulbora/go-micro-blog/handlers/mcHandler.go:102.8,104.3 1 1
github.com/Ulbora/go-micro-blog/handlers/mcHandler.go:105.2,105.17 1 1
github.com/Ulbora/go-micro-blog/handlers/roleHandler.go:26.70,28.2 0 0
github.com/Ulbora/go-micro-blog/handlers/roleHandler.go:31.70,33.2 0 0
github.com/Ulbora/go-micro-blog/handlers/roleHandler.go:36.74,38.2 0 0
github.com/Ulbora/go-micro-blog/handlers/roleHandler.go:41.73,43.2 0 0
github.com/Ulbora/go-micro-blog/handlers/userAuthHandler.go:26.74,28.2 0 0
github.com/Ulbora/go-micro-blog/handlers/userAuthHandler.go:31.78,33.2 0 0
github.com/Ulbora/go-micro-blog/handlers/userHandler.go:26.70,28.2 0 0
github.com/Ulbora/go-micro-blog/handlers/userHandler.go:31.73,33.2 0 0
github.com/Ulbora/go-micro-blog/handlers/userHandler.go:36.70,38.2 0 0
github.com/Ulbora/go-micro-blog/handlers/userHandler.go:41.74,43.2 0 0
github.com/Ulbora/go-micro-blog/handlers/userHandler.go:46.73,48.2 0 0
github.com/Ulbora/go-micro-blog/handlers/userHandler.go:51.74,53.2 0 0
