mode: set
github.com/Ulbora/go-micro-blog/managers/blogManager.go:28.54,30.14 2 1
github.com/Ulbora/go-micro-blog/managers/blogManager.go:30.14,32.29 2 1
github.com/Ulbora/go-micro-blog/managers/blogManager.go:32.29,35.11 3 1
github.com/Ulbora/go-micro-blog/managers/blogManager.go:35.11,38.5 2 1
github.com/Ulbora/go-micro-blog/managers/blogManager.go:41.2,41.13 1 1
github.com/Ulbora/go-micro-blog/managers/blogManager.go:45.55,47.14 2 1
github.com/Ulbora/go-micro-blog/managers/blogManager.go:47.14,49.29 2 1
github.com/Ulbora/go-micro-blog/managers/blogManager.go:49.29,51.11 2 1
github.com/Ulbora/go-micro-blog/managers/blogManager.go:51.11,53.5 1 1
github.com/Ulbora/go-micro-blog/managers/blogManager.go:56.2,56.13 1 1
github.com/Ulbora/go-micro-blog/managers/commentManager.go:28.60,30.14 2 1
github.com/Ulbora/go-micro-blog/managers/commentManager.go:30.14,32.29 2 1
github.com/Ulbora/go-micro-blog/managers/commentManager.go:32.29,34.16 2 1
github.com/Ulbora/go-micro-blog/managers/commentManager.go:34.16,37.12 3 1
github.com/Ulbora/go-micro-blog/managers/commentManager.go:37.12,40.6 2 1
github.com/Ulbora/go-micro-blog/managers/commentManager.go:44.2,44.13 1 1
github.com/Ulbora/go-micro-blog/managers/commentManager.go:48.61,50.14 2 1
github.com/Ulbora/go-micro-blog/managers/commentManager.go:50.14,52.29 2 1
github.com/Ulbora/go-micro-blog/managers/commentManager.go:52.29,54.16 2 1
github.com/Ulbora/go-micro-blog/managers/commentManager.go:54.16,56.12 2 1
github.com/Ulbora/go-micro-blog/managers/commentManager.go:56.12,58.6 1 1
github.com/Ulbora/go-micro-blog/managers/commentManager.go:62.2,62.13 1 1
github.com/Ulbora/go-micro-blog/managers/configManager.go:28.45,31.18 3 1
github.com/Ulbora/go-micro-blog/managers/configManager.go:31.18,33.3 1 1
github.com/Ulbora/go-micro-blog/managers/configManager.go:34.2,34.12 1 1
github.com/Ulbora/go-micro-blog/managers/likeManager.go:28.52,30.14 2 1
github.com/Ulbora/go-micro-blog/managers/likeManager.go:30.14,32.29 2 1
github.com/Ulbora/go-micro-blog/managers/likeManager.go:32.29,34.11 2 1
github.com/Ulbora/go-micro-blog/managers/likeManager.go:34.11,36.5 1 1
github.com/Ulbora/go-micro-blog/managers/likeManager.go:39.2,39.13 1 1
github.com/Ulbora/go-micro-blog/managers/likeManager.go:43.59,45.26 2 1
github.com/Ulbora/go-micro-blog/managers/likeManager.go:45.26,47.29 2 1
github.com/Ulbora/go-micro-blog/managers/likeManager.go:47.29,49.11 2 1
github.com/Ulbora/go-micro-blog/managers/likeManager.go:49.11,51.5 1 1
github.com/Ulbora/go-micro-blog/managers/likeManager.go:54.2,54.13 1 1
github.com/Ulbora/go-micro-blog/managers/roleManager.go:24.55,28.30 3 1
github.com/Ulbora/go-micro-blog/managers/roleManager.go:28.30,30.10 2 1
github.com/Ulbora/go-micro-blog/managers/roleManager.go:30.10,33.4 2 1
github.com/Ulbora/go-micro-blog/managers/roleManager.go:35.2,35.13 1 1
github.com/Ulbora/go-micro-blog/managers/sysmanager.go:39.36,41.15 2 1
github.com/Ulbora/go-micro-blog/managers/sysmanager.go:41.15,44.3 2 1
github.com/Ulbora/go-micro-blog/managers/sysmanager.go:44.8,47.3 2 1
github.com/Ulbora/go-micro-blog/managers/sysmanager.go:48.2,48.10 1 1
github.com/Ulbora/go-micro-blog/managers/userAuthManager.go:28.62,30.14 2 1
github.com/Ulbora/go-micro-blog/managers/userAuthManager.go:30.14,32.29 2 1
github.com/Ulbora/go-micro-blog/managers/userAuthManager.go:32.29,34.11 2 1
github.com/Ulbora/go-micro-blog/managers/userAuthManager.go:34.11,37.5 2 1
github.com/Ulbora/go-micro-blog/managers/userAuthManager.go:40.2,40.13 1 1
github.com/Ulbora/go-micro-blog/managers/userManager.go:28.54,30.14 2 1
github.com/Ulbora/go-micro-blog/managers/userManager.go:30.14,32.34 2 1
github.com/Ulbora/go-micro-blog/managers/userManager.go:32.34,34.11 2 1
github.com/Ulbora/go-micro-blog/managers/userManager.go:34.11,37.5 2 1
github.com/Ulbora/go-micro-blog/managers/userManager.go:40.2,40.13 1 1
github.com/Ulbora/go-micro-blog/managers/userManager.go:44.55,46.14 2 1
github.com/Ulbora/go-micro-blog/managers/userManager.go:46.14,48.52 2 1
github.com/Ulbora/go-micro-blog/managers/userManager.go:48.52,50.11 2 1
github.com/Ulbora/go-micro-blog/managers/userManager.go:50.11,52.5 1 1
github.com/Ulbora/go-micro-blog/managers/userManager.go:55.2,55.13 1 1
