mode: set
github.com/Ulbora/go-micro-blog/db/about.go:28.54,31.25 3 1
github.com/Ulbora/go-micro-blog/db/about.go:31.25,33.3 1 1
github.com/Ulbora/go-micro-blog/db/about.go:34.2,34.15 1 1
github.com/Ulbora/go-micro-blog/db/about.go:34.15,40.3 5 1
github.com/Ulbora/go-micro-blog/db/about.go:41.2,41.16 1 1
github.com/Ulbora/go-micro-blog/db/about.go:45.48,47.25 2 1
github.com/Ulbora/go-micro-blog/db/about.go:47.25,49.3 1 1
github.com/Ulbora/go-micro-blog/db/about.go:50.2,50.15 1 1
github.com/Ulbora/go-micro-blog/db/about.go:50.15,55.3 4 1
github.com/Ulbora/go-micro-blog/db/about.go:56.2,56.12 1 1
github.com/Ulbora/go-micro-blog/db/about.go:60.40,61.25 1 1
github.com/Ulbora/go-micro-blog/db/about.go:61.25,63.3 1 1
github.com/Ulbora/go-micro-blog/db/about.go:64.2,68.40 5 1
github.com/Ulbora/go-micro-blog/db/about.go:68.40,70.28 2 1
github.com/Ulbora/go-micro-blog/db/about.go:70.28,74.4 3 1
github.com/Ulbora/go-micro-blog/db/about.go:76.2,76.13 1 1
github.com/Ulbora/go-micro-blog/db/about.go:79.61,82.24 3 1
github.com/Ulbora/go-micro-blog/db/about.go:82.24,85.17 3 1
github.com/Ulbora/go-micro-blog/db/about.go:85.17,88.4 2 1
github.com/Ulbora/go-micro-blog/db/about.go:90.2,90.13 1 1
github.com/Ulbora/go-micro-blog/db/blog.go:29.51,32.25 3 1
github.com/Ulbora/go-micro-blog/db/blog.go:32.25,34.3 1 1
github.com/Ulbora/go-micro-blog/db/blog.go:35.2,35.14 1 1
github.com/Ulbora/go-micro-blog/db/blog.go:35.14,41.3 5 1
github.com/Ulbora/go-micro-blog/db/blog.go:42.2,42.16 1 1
github.com/Ulbora/go-micro-blog/db/blog.go:46.45,48.25 2 1
github.com/Ulbora/go-micro-blog/db/blog.go:48.25,50.3 1 1
github.com/Ulbora/go-micro-blog/db/blog.go:51.2,51.14 1 1
github.com/Ulbora/go-micro-blog/db/blog.go:51.14,56.3 4 1
github.com/Ulbora/go-micro-blog/db/blog.go:57.2,57.12 1 1
github.com/Ulbora/go-micro-blog/db/blog.go:61.44,62.25 1 1
github.com/Ulbora/go-micro-blog/db/blog.go:62.25,64.3 1 1
github.com/Ulbora/go-micro-blog/db/blog.go:65.2,70.12 5 1
github.com/Ulbora/go-micro-blog/db/blog.go:74.80,75.25 1 1
github.com/Ulbora/go-micro-blog/db/blog.go:75.25,77.3 1 1
github.com/Ulbora/go-micro-blog/db/blog.go:78.2,82.40 5 1
github.com/Ulbora/go-micro-blog/db/blog.go:82.40,84.28 2 1
github.com/Ulbora/go-micro-blog/db/blog.go:84.28,88.4 3 1
github.com/Ulbora/go-micro-blog/db/blog.go:90.2,90.13 1 1
github.com/Ulbora/go-micro-blog/db/blog.go:94.70,95.25 1 1
github.com/Ulbora/go-micro-blog/db/blog.go:95.25,97.3 1 1
github.com/Ulbora/go-micro-blog/db/blog.go:98.2,102.40 5 1
github.com/Ulbora/go-micro-blog/db/blog.go:102.40,104.28 2 1
github.com/Ulbora/go-micro-blog/db/blog.go:104.28,108.4 3 1
github.com/Ulbora/go-micro-blog/db/blog.go:110.2,110.13 1 1
github.com/Ulbora/go-micro-blog/db/blog.go:114.64,115.25 1 1
github.com/Ulbora/go-micro-blog/db/blog.go:115.25,117.3 1 1
github.com/Ulbora/go-micro-blog/db/blog.go:118.2,122.40 5 1
github.com/Ulbora/go-micro-blog/db/blog.go:122.40,124.28 2 1
github.com/Ulbora/go-micro-blog/db/blog.go:124.28,128.4 3 1
github.com/Ulbora/go-micro-blog/db/blog.go:130.2,130.13 1 1
github.com/Ulbora/go-micro-blog/db/blog.go:134.48,135.25 1 1
github.com/Ulbora/go-micro-blog/db/blog.go:135.25,137.3 1 1
github.com/Ulbora/go-micro-blog/db/blog.go:138.2,142.12 4 1
github.com/Ulbora/go-micro-blog/db/blog.go:146.50,147.25 1 1
github.com/Ulbora/go-micro-blog/db/blog.go:147.25,149.3 1 1
github.com/Ulbora/go-micro-blog/db/blog.go:150.2,154.12 4 1
github.com/Ulbora/go-micro-blog/db/blog.go:158.46,159.25 1 1
github.com/Ulbora/go-micro-blog/db/blog.go:159.25,161.3 1 1
github.com/Ulbora/go-micro-blog/db/blog.go:162.2,165.12 4 1
github.com/Ulbora/go-micro-blog/db/blog.go:168.59,171.24 3 1
github.com/Ulbora/go-micro-blog/db/blog.go:171.24,174.17 3 1
github.com/Ulbora/go-micro-blog/db/blog.go:174.17,176.18 2 1
github.com/Ulbora/go-micro-blog/db/blog.go:176.18,178.19 2 1
github.com/Ulbora/go-micro-blog/db/blog.go:178.19,181.20 3 1
github.com/Ulbora/go-micro-blog/db/blog.go:181.20,183.7 1 1
github.com/Ulbora/go-micro-blog/db/blog.go:184.6,189.25 6 1
github.com/Ulbora/go-micro-blog/db/blog.go:195.2,195.13 1 1
github.com/Ulbora/go-micro-blog/db/comment.go:28.57,31.25 3 1
github.com/Ulbora/go-micro-blog/db/comment.go:31.25,33.3 1 1
github.com/Ulbora/go-micro-blog/db/comment.go:34.2,34.14 1 1
github.com/Ulbora/go-micro-blog/db/comment.go:34.14,40.3 5 1
github.com/Ulbora/go-micro-blog/db/comment.go:41.2,41.16 1 1
github.com/Ulbora/go-micro-blog/db/comment.go:45.51,47.25 2 1
github.com/Ulbora/go-micro-blog/db/comment.go:47.25,49.3 1 1
github.com/Ulbora/go-micro-blog/db/comment.go:50.2,50.14 1 1
github.com/Ulbora/go-micro-blog/db/comment.go:50.14,55.3 4 1
github.com/Ulbora/go-micro-blog/db/comment.go:56.2,56.12 1 1
github.com/Ulbora/go-micro-blog/db/comment.go:60.69,61.25 1 1
github.com/Ulbora/go-micro-blog/db/comment.go:61.25,63.3 1 1
github.com/Ulbora/go-micro-blog/db/comment.go:64.2,68.40 5 1
github.com/Ulbora/go-micro-blog/db/comment.go:68.40,70.28 2 1
github.com/Ulbora/go-micro-blog/db/comment.go:70.28,74.4 3 1
github.com/Ulbora/go-micro-blog/db/comment.go:76.2,76.13 1 1
github.com/Ulbora/go-micro-blog/db/comment.go:80.51,81.25 1 1
github.com/Ulbora/go-micro-blog/db/comment.go:81.25,83.3 1 1
github.com/Ulbora/go-micro-blog/db/comment.go:84.2,88.12 4 1
github.com/Ulbora/go-micro-blog/db/comment.go:92.53,93.25 1 1
github.com/Ulbora/go-micro-blog/db/comment.go:93.25,95.3 1 1
github.com/Ulbora/go-micro-blog/db/comment.go:96.2,100.12 4 1
github.com/Ulbora/go-micro-blog/db/comment.go:103.65,106.24 3 1
github.com/Ulbora/go-micro-blog/db/comment.go:106.24,109.17 3 1
github.com/Ulbora/go-micro-blog/db/comment.go:109.17,111.18 2 1
github.com/Ulbora/go-micro-blog/db/comment.go:111.18,113.19 2 1
github.com/Ulbora/go-micro-blog/db/comment.go:113.19,115.20 2 1
github.com/Ulbora/go-micro-blog/db/comment.go:115.20,121.7 5 1
github.com/Ulbora/go-micro-blog/db/comment.go:126.2,126.13 1 1
github.com/Ulbora/go-micro-blog/db/config.go:28.55,31.25 3 1
github.com/Ulbora/go-micro-blog/db/config.go:31.25,33.3 1 1
github.com/Ulbora/go-micro-blog/db/config.go:34.2,34.14 1 1
github.com/Ulbora/go-micro-blog/db/config.go:34.14,40.3 5 1
github.com/Ulbora/go-micro-blog/db/config.go:41.2,41.16 1 1
github.com/Ulbora/go-micro-blog/db/config.go:45.49,47.25 2 1
github.com/Ulbora/go-micro-blog/db/config.go:47.25,49.3 1 1
github.com/Ulbora/go-micro-blog/db/config.go:50.2,50.14 1 1
github.com/Ulbora/go-micro-blog/db/config.go:50.14,55.3 4 1
github.com/Ulbora/go-micro-blog/db/config.go:56.2,56.12 1 1
github.com/Ulbora/go-micro-blog/db/config.go:60.42,61.25 1 1
github.com/Ulbora/go-micro-blog/db/config.go:61.25,63.3 1 1
github.com/Ulbora/go-micro-blog/db/config.go:64.2,68.40 5 1
github.com/Ulbora/go-micro-blog/db/config.go:68.40,70.28 2 1
github.com/Ulbora/go-micro-blog/db/config.go:70.28,74.4 3 1
github.com/Ulbora/go-micro-blog/db/config.go:76.2,76.13 1 1
github.com/Ulbora/go-micro-blog/db/config.go:79.63,82.24 3 1
github.com/Ulbora/go-micro-blog/db/config.go:82.24,85.17 3 1
github.com/Ulbora/go-micro-blog/db/config.go:85.17,87.18 2 1
github.com/Ulbora/go-micro-blog/db/config.go:87.18,89.19 2 1
github.com/Ulbora/go-micro-blog/db/config.go:89.19,93.6 3 1
github.com/Ulbora/go-micro-blog/db/config.go:97.2,97.13 1 1
github.com/Ulbora/go-micro-blog/db/home.go:28.52,31.25 3 1
github.com/Ulbora/go-micro-blog/db/home.go:31.25,33.3 1 1
github.com/Ulbora/go-micro-blog/db/home.go:34.2,34.15 1 1
github.com/Ulbora/go-micro-blog/db/home.go:34.15,40.3 5 1
github.com/Ulbora/go-micro-blog/db/home.go:41.2,41.16 1 1
github.com/Ulbora/go-micro-blog/db/home.go:45.46,47.25 2 1
github.com/Ulbora/go-micro-blog/db/home.go:47.25,49.3 1 1
github.com/Ulbora/go-micro-blog/db/home.go:50.2,50.15 1 1
github.com/Ulbora/go-micro-blog/db/home.go:50.15,55.3 4 1
github.com/Ulbora/go-micro-blog/db/home.go:56.2,56.12 1 1
github.com/Ulbora/go-micro-blog/db/home.go:60.38,61.25 1 1
github.com/Ulbora/go-micro-blog/db/home.go:61.25,63.3 1 1
github.com/Ulbora/go-micro-blog/db/home.go:64.2,68.40 5 1
github.com/Ulbora/go-micro-blog/db/home.go:68.40,70.28 2 1
github.com/Ulbora/go-micro-blog/db/home.go:70.28,74.4 3 1
github.com/Ulbora/go-micro-blog/db/home.go:76.2,76.13 1 1
github.com/Ulbora/go-micro-blog/db/home.go:79.59,82.24 3 1
github.com/Ulbora/go-micro-blog/db/home.go:82.24,85.17 3 1
github.com/Ulbora/go-micro-blog/db/home.go:85.17,88.4 2 1
github.com/Ulbora/go-micro-blog/db/home.go:90.2,90.13 1 1
github.com/Ulbora/go-micro-blog/db/like.go:26.42,29.25 3 1
github.com/Ulbora/go-micro-blog/db/like.go:29.25,31.3 1 1
github.com/Ulbora/go-micro-blog/db/like.go:32.2,32.14 1 1
github.com/Ulbora/go-micro-blog/db/like.go:32.14,38.3 5 1
github.com/Ulbora/go-micro-blog/db/like.go:39.2,39.12 1 1
github.com/Ulbora/go-micro-blog/db/like.go:43.52,44.25 1 1
github.com/Ulbora/go-micro-blog/db/like.go:44.25,46.3 1 1
github.com/Ulbora/go-micro-blog/db/like.go:47.2,51.12 4 1
github.com/Ulbora/go-micro-blog/db/like.go:55.49,56.25 1 1
github.com/Ulbora/go-micro-blog/db/like.go:56.25,58.3 1 1
github.com/Ulbora/go-micro-blog/db/like.go:59.2,63.40 5 1
github.com/Ulbora/go-micro-blog/db/like.go:63.40,65.28 2 1
github.com/Ulbora/go-micro-blog/db/like.go:65.28,69.4 3 1
github.com/Ulbora/go-micro-blog/db/like.go:71.2,71.13 1 1
github.com/Ulbora/go-micro-blog/db/like.go:74.59,77.24 3 1
github.com/Ulbora/go-micro-blog/db/like.go:77.24,80.17 3 1
github.com/Ulbora/go-micro-blog/db/like.go:80.17,82.18 2 1
github.com/Ulbora/go-micro-blog/db/like.go:82.18,85.5 2 1
github.com/Ulbora/go-micro-blog/db/like.go:88.2,88.13 1 1
github.com/Ulbora/go-micro-blog/db/myBlogDB.go:38.33,40.2 1 1
github.com/Ulbora/go-micro-blog/db/myBlogDB.go:42.42,50.26 8 1
github.com/Ulbora/go-micro-blog/db/myBlogDB.go:50.26,55.17 3 1
github.com/Ulbora/go-micro-blog/db/myBlogDB.go:55.17,57.4 1 1
github.com/Ulbora/go-micro-blog/db/myBlogDB.go:58.3,58.20 1 1
github.com/Ulbora/go-micro-blog/db/myBlogDB.go:58.20,60.4 1 1
github.com/Ulbora/go-micro-blog/db/myBlogDB.go:62.2,62.12 1 1
github.com/Ulbora/go-micro-blog/db/privacyPolicy.go:28.70,31.25 3 1
github.com/Ulbora/go-micro-blog/db/privacyPolicy.go:31.25,33.3 1 1
github.com/Ulbora/go-micro-blog/db/privacyPolicy.go:34.2,34.15 1 1
github.com/Ulbora/go-micro-blog/db/privacyPolicy.go:34.15,40.3 5 1
github.com/Ulbora/go-micro-blog/db/privacyPolicy.go:41.2,41.16 1 1
github.com/Ulbora/go-micro-blog/db/privacyPolicy.go:45.64,47.25 2 1
github.com/Ulbora/go-micro-blog/db/privacyPolicy.go:47.25,49.3 1 1
github.com/Ulbora/go-micro-blog/db/privacyPolicy.go:50.2,50.15 1 1
github.com/Ulbora/go-micro-blog/db/privacyPolicy.go:50.15,55.3 4 1
github.com/Ulbora/go-micro-blog/db/privacyPolicy.go:56.2,56.12 1 1
github.com/Ulbora/go-micro-blog/db/privacyPolicy.go:60.56,61.25 1 1
github.com/Ulbora/go-micro-blog/db/privacyPolicy.go:61.25,63.3 1 1
github.com/Ulbora/go-micro-blog/db/privacyPolicy.go:64.2,68.40 5 1
github.com/Ulbora/go-micro-blog/db/privacyPolicy.go:68.40,70.28 2 1
github.com/Ulbora/go-micro-blog/db/privacyPolicy.go:70.28,74.4 3 1
github.com/Ulbora/go-micro-blog/db/privacyPolicy.go:76.2,76.13 1 1
github.com/Ulbora/go-micro-blog/db/privacyPolicy.go:79.77,82.24 3 1
github.com/Ulbora/go-micro-blog/db/privacyPolicy.go:82.24,85.17 3 1
github.com/Ulbora/go-micro-blog/db/privacyPolicy.go:85.17,88.4 2 1
github.com/Ulbora/go-micro-blog/db/privacyPolicy.go:90.2,90.13 1 1
github.com/Ulbora/go-micro-blog/db/role.go:26.55,29.25 3 1
github.com/Ulbora/go-micro-blog/db/role.go:29.25,31.3 1 1
github.com/Ulbora/go-micro-blog/db/role.go:32.2,32.16 1 1
github.com/Ulbora/go-micro-blog/db/role.go:32.16,38.3 5 1
github.com/Ulbora/go-micro-blog/db/role.go:39.2,39.16 1 1
github.com/Ulbora/go-micro-blog/db/role.go:43.47,44.25 1 1
github.com/Ulbora/go-micro-blog/db/role.go:44.25,46.3 1 1
github.com/Ulbora/go-micro-blog/db/role.go:47.2,52.12 5 1
github.com/Ulbora/go-micro-blog/db/role.go:56.42,57.25 1 1
github.com/Ulbora/go-micro-blog/db/role.go:57.25,59.3 1 1
github.com/Ulbora/go-micro-blog/db/role.go:60.2,63.40 4 1
github.com/Ulbora/go-micro-blog/db/role.go:63.40,65.28 2 1
github.com/Ulbora/go-micro-blog/db/role.go:65.28,69.4 3 1
github.com/Ulbora/go-micro-blog/db/role.go:71.2,71.13 1 1
github.com/Ulbora/go-micro-blog/db/role.go:75.46,76.25 1 1
github.com/Ulbora/go-micro-blog/db/role.go:76.25,78.3 1 1
github.com/Ulbora/go-micro-blog/db/role.go:79.2,83.12 4 1
github.com/Ulbora/go-micro-blog/db/role.go:86.59,89.24 3 1
github.com/Ulbora/go-micro-blog/db/role.go:89.24,92.17 3 1
github.com/Ulbora/go-micro-blog/db/role.go:92.17,95.4 2 1
github.com/Ulbora/go-micro-blog/db/role.go:97.2,97.13 1 1
github.com/Ulbora/go-micro-blog/db/rules.go:28.51,31.25 3 1
github.com/Ulbora/go-micro-blog/db/rules.go:31.25,33.3 1 1
github.com/Ulbora/go-micro-blog/db/rules.go:34.2,34.14 1 1
github.com/Ulbora/go-micro-blog/db/rules.go:34.14,40.3 5 1
github.com/Ulbora/go-micro-blog/db/rules.go:41.2,41.16 1 1
github.com/Ulbora/go-micro-blog/db/rules.go:45.45,47.25 2 1
github.com/Ulbora/go-micro-blog/db/rules.go:47.25,49.3 1 1
github.com/Ulbora/go-micro-blog/db/rules.go:50.2,50.14 1 1
github.com/Ulbora/go-micro-blog/db/rules.go:50.14,55.3 4 1
github.com/Ulbora/go-micro-blog/db/rules.go:56.2,56.12 1 1
github.com/Ulbora/go-micro-blog/db/rules.go:60.38,61.25 1 1
github.com/Ulbora/go-micro-blog/db/rules.go:61.25,63.3 1 1
github.com/Ulbora/go-micro-blog/db/rules.go:64.2,68.40 5 1
github.com/Ulbora/go-micro-blog/db/rules.go:68.40,70.28 2 1
github.com/Ulbora/go-micro-blog/db/rules.go:70.28,74.4 3 1
github.com/Ulbora/go-micro-blog/db/rules.go:76.2,76.13 1 1
github.com/Ulbora/go-micro-blog/db/rules.go:79.59,82.24 3 1
github.com/Ulbora/go-micro-blog/db/rules.go:82.24,85.17 3 1
github.com/Ulbora/go-micro-blog/db/rules.go:85.17,88.4 2 1
github.com/Ulbora/go-micro-blog/db/rules.go:90.2,90.13 1 1
github.com/Ulbora/go-micro-blog/db/tos.go:28.49,31.25 3 1
github.com/Ulbora/go-micro-blog/db/tos.go:31.25,33.3 1 1
github.com/Ulbora/go-micro-blog/db/tos.go:34.2,34.14 1 1
github.com/Ulbora/go-micro-blog/db/tos.go:34.14,40.3 5 1
github.com/Ulbora/go-micro-blog/db/tos.go:41.2,41.16 1 1
github.com/Ulbora/go-micro-blog/db/tos.go:45.43,47.25 2 1
github.com/Ulbora/go-micro-blog/db/tos.go:47.25,49.3 1 1
github.com/Ulbora/go-micro-blog/db/tos.go:50.2,50.14 1 1
github.com/Ulbora/go-micro-blog/db/tos.go:50.14,55.3 4 1
github.com/Ulbora/go-micro-blog/db/tos.go:56.2,56.12 1 1
github.com/Ulbora/go-micro-blog/db/tos.go:60.36,61.25 1 1
github.com/Ulbora/go-micro-blog/db/tos.go:61.25,63.3 1 1
github.com/Ulbora/go-micro-blog/db/tos.go:64.2,68.40 5 1
github.com/Ulbora/go-micro-blog/db/tos.go:68.40,70.28 2 1
github.com/Ulbora/go-micro-blog/db/tos.go:70.28,74.4 3 1
github.com/Ulbora/go-micro-blog/db/tos.go:76.2,76.13 1 1
github.com/Ulbora/go-micro-blog/db/tos.go:79.57,82.24 3 1
github.com/Ulbora/go-micro-blog/db/tos.go:82.24,85.17 3 1
github.com/Ulbora/go-micro-blog/db/tos.go:85.17,88.4 2 1
github.com/Ulbora/go-micro-blog/db/tos.go:90.2,90.13 1 1
github.com/Ulbora/go-micro-blog/db/user.go:26.51,29.25 3 1
github.com/Ulbora/go-micro-blog/db/user.go:29.25,31.3 1 1
github.com/Ulbora/go-micro-blog/db/user.go:32.2,32.14 1 1
github.com/Ulbora/go-micro-blog/db/user.go:32.14,38.3 5 1
github.com/Ulbora/go-micro-blog/db/user.go:40.2,40.16 1 1
github.com/Ulbora/go-micro-blog/db/user.go:44.45,46.25 2 1
github.com/Ulbora/go-micro-blog/db/user.go:46.25,48.3 1 1
github.com/Ulbora/go-micro-blog/db/user.go:49.2,49.14 1 1
github.com/Ulbora/go-micro-blog/db/user.go:49.14,54.3 4 1
github.com/Ulbora/go-micro-blog/db/user.go:55.2,55.12 1 1
github.com/Ulbora/go-micro-blog/db/user.go:59.48,60.25 1 1
github.com/Ulbora/go-micro-blog/db/user.go:60.25,62.3 1 1
github.com/Ulbora/go-micro-blog/db/user.go:63.2,68.12 5 1
github.com/Ulbora/go-micro-blog/db/user.go:72.48,73.25 1 1
github.com/Ulbora/go-micro-blog/db/user.go:73.25,75.3 1 1
github.com/Ulbora/go-micro-blog/db/user.go:76.2,81.12 5 1
github.com/Ulbora/go-micro-blog/db/user.go:85.42,86.25 1 1
github.com/Ulbora/go-micro-blog/db/user.go:86.25,88.3 1 1
github.com/Ulbora/go-micro-blog/db/user.go:89.2,92.40 4 1
github.com/Ulbora/go-micro-blog/db/user.go:92.40,94.28 2 1
github.com/Ulbora/go-micro-blog/db/user.go:94.28,98.4 3 1
github.com/Ulbora/go-micro-blog/db/user.go:100.2,100.13 1 1
github.com/Ulbora/go-micro-blog/db/user.go:104.53,105.25 1 1
github.com/Ulbora/go-micro-blog/db/user.go:105.25,107.3 1 1
github.com/Ulbora/go-micro-blog/db/user.go:108.2,111.40 4 1
github.com/Ulbora/go-micro-blog/db/user.go:111.40,113.28 2 1
github.com/Ulbora/go-micro-blog/db/user.go:113.28,117.4 3 1
github.com/Ulbora/go-micro-blog/db/user.go:119.2,119.13 1 1
github.com/Ulbora/go-micro-blog/db/user.go:123.48,124.25 1 1
github.com/Ulbora/go-micro-blog/db/user.go:124.25,126.3 1 1
github.com/Ulbora/go-micro-blog/db/user.go:127.2,130.40 4 1
github.com/Ulbora/go-micro-blog/db/user.go:130.40,132.28 2 1
github.com/Ulbora/go-micro-blog/db/user.go:132.28,136.4 3 1
github.com/Ulbora/go-micro-blog/db/user.go:138.2,138.13 1 1
github.com/Ulbora/go-micro-blog/db/user.go:142.47,143.25 1 1
github.com/Ulbora/go-micro-blog/db/user.go:143.25,145.3 1 1
github.com/Ulbora/go-micro-blog/db/user.go:146.2,150.12 4 1
github.com/Ulbora/go-micro-blog/db/user.go:154.48,155.25 1 1
github.com/Ulbora/go-micro-blog/db/user.go:155.25,157.3 1 1
github.com/Ulbora/go-micro-blog/db/user.go:158.2,162.12 4 1
github.com/Ulbora/go-micro-blog/db/user.go:166.56,167.25 1 1
github.com/Ulbora/go-micro-blog/db/user.go:167.25,169.3 1 1
github.com/Ulbora/go-micro-blog/db/user.go:170.2,174.12 4 1
github.com/Ulbora/go-micro-blog/db/user.go:178.56,179.25 1 1
github.com/Ulbora/go-micro-blog/db/user.go:179.25,181.3 1 1
github.com/Ulbora/go-micro-blog/db/user.go:182.2,186.12 4 1
github.com/Ulbora/go-micro-blog/db/user.go:189.59,192.24 3 1
github.com/Ulbora/go-micro-blog/db/user.go:192.24,195.17 3 1
github.com/Ulbora/go-micro-blog/db/user.go:195.17,197.18 2 1
github.com/Ulbora/go-micro-blog/db/user.go:197.18,199.19 2 1
github.com/Ulbora/go-micro-blog/db/user.go:199.19,201.20 2 1
github.com/Ulbora/go-micro-blog/db/user.go:201.20,203.20 2 1
github.com/Ulbora/go-micro-blog/db/user.go:203.20,205.8 1 1
github.com/Ulbora/go-micro-blog/db/user.go:206.7,212.36 7 1
github.com/Ulbora/go-micro-blog/db/user.go:218.2,218.13 1 1
github.com/Ulbora/go-micro-blog/db/userAuth.go:29.59,32.25 3 1
github.com/Ulbora/go-micro-blog/db/userAuth.go:32.25,34.3 1 1
github.com/Ulbora/go-micro-blog/db/userAuth.go:35.2,35.14 1 1
github.com/Ulbora/go-micro-blog/db/userAuth.go:35.14,41.3 5 1
github.com/Ulbora/go-micro-blog/db/userAuth.go:42.2,42.16 1 1
github.com/Ulbora/go-micro-blog/db/userAuth.go:46.71,47.25 1 1
github.com/Ulbora/go-micro-blog/db/userAuth.go:47.25,49.3 1 1
github.com/Ulbora/go-micro-blog/db/userAuth.go:50.2,54.40 5 1
github.com/Ulbora/go-micro-blog/db/userAuth.go:54.40,56.28 2 1
github.com/Ulbora/go-micro-blog/db/userAuth.go:56.28,60.4 3 1
github.com/Ulbora/go-micro-blog/db/userAuth.go:62.2,62.13 1 1
github.com/Ulbora/go-micro-blog/db/userAuth.go:65.67,68.24 3 1
github.com/Ulbora/go-micro-blog/db/userAuth.go:68.24,71.17 3 1
github.com/Ulbora/go-micro-blog/db/userAuth.go:71.17,73.18 2 1
github.com/Ulbora/go-micro-blog/db/userAuth.go:73.18,79.5 5 1
github.com/Ulbora/go-micro-blog/db/userAuth.go:82.2,82.13 1 1
