mode: set
github.com/Ulbora/go-micro-blog/db/blog.go:29.51,32.25 3 1
github.com/Ulbora/go-micro-blog/db/blog.go:32.25,34.3 1 1
github.com/Ulbora/go-micro-blog/db/blog.go:35.2,35.14 1 1
github.com/Ulbora/go-micro-blog/db/blog.go:35.14,41.3 5 1
github.com/Ulbora/go-micro-blog/db/blog.go:43.2,43.16 1 1
github.com/Ulbora/go-micro-blog/db/blog.go:47.45,49.25 2 1
github.com/Ulbora/go-micro-blog/db/blog.go:49.25,51.3 1 1
github.com/Ulbora/go-micro-blog/db/blog.go:52.2,52.14 1 1
github.com/Ulbora/go-micro-blog/db/blog.go:52.14,57.3 4 1
github.com/Ulbora/go-micro-blog/db/blog.go:58.2,58.12 1 1
github.com/Ulbora/go-micro-blog/db/blog.go:62.44,63.25 1 1
github.com/Ulbora/go-micro-blog/db/blog.go:63.25,65.3 1 1
github.com/Ulbora/go-micro-blog/db/blog.go:66.2,71.12 5 1
github.com/Ulbora/go-micro-blog/db/blog.go:75.80,77.2 1 0
github.com/Ulbora/go-micro-blog/db/blog.go:80.64,82.2 1 0
github.com/Ulbora/go-micro-blog/db/blog.go:85.48,87.2 1 0
github.com/Ulbora/go-micro-blog/db/blog.go:90.50,92.2 1 0
github.com/Ulbora/go-micro-blog/db/blog.go:94.59,97.24 3 1
github.com/Ulbora/go-micro-blog/db/blog.go:97.24,100.17 3 1
github.com/Ulbora/go-micro-blog/db/blog.go:100.17,102.18 2 1
github.com/Ulbora/go-micro-blog/db/blog.go:102.18,104.19 2 1
github.com/Ulbora/go-micro-blog/db/blog.go:104.19,107.20 3 1
github.com/Ulbora/go-micro-blog/db/blog.go:107.20,109.7 1 0
github.com/Ulbora/go-micro-blog/db/blog.go:110.6,115.25 6 1
github.com/Ulbora/go-micro-blog/db/blog.go:121.2,121.13 1 1
github.com/Ulbora/go-micro-blog/db/myBlogDB.go:38.33,40.2 1 1
github.com/Ulbora/go-micro-blog/db/myBlogDB.go:42.42,50.26 8 1
github.com/Ulbora/go-micro-blog/db/myBlogDB.go:50.26,55.17 3 1
github.com/Ulbora/go-micro-blog/db/myBlogDB.go:55.17,57.4 1 1
github.com/Ulbora/go-micro-blog/db/myBlogDB.go:58.3,58.20 1 1
github.com/Ulbora/go-micro-blog/db/myBlogDB.go:58.20,60.4 1 1
github.com/Ulbora/go-micro-blog/db/myBlogDB.go:62.2,62.12 1 1
github.com/Ulbora/go-micro-blog/db/role.go:26.55,29.25 3 1
github.com/Ulbora/go-micro-blog/db/role.go:29.25,31.3 1 1
github.com/Ulbora/go-micro-blog/db/role.go:32.2,32.16 1 1
github.com/Ulbora/go-micro-blog/db/role.go:32.16,38.3 5 1
github.com/Ulbora/go-micro-blog/db/role.go:39.2,39.16 1 1
github.com/Ulbora/go-micro-blog/db/role.go:43.47,44.25 1 1
github.com/Ulbora/go-micro-blog/db/role.go:44.25,46.3 1 1
github.com/Ulbora/go-micro-blog/db/role.go:47.2,52.12 5 1
github.com/Ulbora/go-micro-blog/db/role.go:56.42,57.25 1 1
github.com/Ulbora/go-micro-blog/db/role.go:57.25,59.3 1 1
github.com/Ulbora/go-micro-blog/db/role.go:60.2,63.40 4 1
github.com/Ulbora/go-micro-blog/db/role.go:63.40,65.28 2 1
github.com/Ulbora/go-micro-blog/db/role.go:65.28,69.4 3 1
github.com/Ulbora/go-micro-blog/db/role.go:71.2,71.13 1 1
github.com/Ulbora/go-micro-blog/db/role.go:75.46,76.25 1 1
github.com/Ulbora/go-micro-blog/db/role.go:76.25,78.3 1 1
github.com/Ulbora/go-micro-blog/db/role.go:79.2,83.12 4 1
github.com/Ulbora/go-micro-blog/db/role.go:86.59,89.24 3 1
github.com/Ulbora/go-micro-blog/db/role.go:89.24,92.17 3 1
github.com/Ulbora/go-micro-blog/db/role.go:92.17,95.4 2 1
github.com/Ulbora/go-micro-blog/db/role.go:97.2,97.13 1 1
github.com/Ulbora/go-micro-blog/db/user.go:26.51,29.25 3 1
github.com/Ulbora/go-micro-blog/db/user.go:29.25,31.3 1 1
github.com/Ulbora/go-micro-blog/db/user.go:32.2,32.14 1 1
github.com/Ulbora/go-micro-blog/db/user.go:32.14,38.3 5 1
github.com/Ulbora/go-micro-blog/db/user.go:40.2,40.16 1 1
github.com/Ulbora/go-micro-blog/db/user.go:44.45,46.25 2 1
github.com/Ulbora/go-micro-blog/db/user.go:46.25,48.3 1 1
github.com/Ulbora/go-micro-blog/db/user.go:49.2,49.14 1 1
github.com/Ulbora/go-micro-blog/db/user.go:49.14,54.3 4 1
github.com/Ulbora/go-micro-blog/db/user.go:55.2,55.12 1 1
github.com/Ulbora/go-micro-blog/db/user.go:59.48,60.25 1 1
github.com/Ulbora/go-micro-blog/db/user.go:60.25,62.3 1 1
github.com/Ulbora/go-micro-blog/db/user.go:63.2,68.12 5 1
github.com/Ulbora/go-micro-blog/db/user.go:72.42,73.25 1 1
github.com/Ulbora/go-micro-blog/db/user.go:73.25,75.3 1 1
github.com/Ulbora/go-micro-blog/db/user.go:76.2,79.40 4 1
github.com/Ulbora/go-micro-blog/db/user.go:79.40,81.28 2 1
github.com/Ulbora/go-micro-blog/db/user.go:81.28,85.4 3 1
github.com/Ulbora/go-micro-blog/db/user.go:87.2,87.13 1 1
github.com/Ulbora/go-micro-blog/db/user.go:91.47,92.25 1 1
github.com/Ulbora/go-micro-blog/db/user.go:92.25,94.3 1 1
github.com/Ulbora/go-micro-blog/db/user.go:95.2,99.12 4 1
github.com/Ulbora/go-micro-blog/db/user.go:103.48,104.25 1 1
github.com/Ulbora/go-micro-blog/db/user.go:104.25,106.3 1 1
github.com/Ulbora/go-micro-blog/db/user.go:107.2,111.12 4 1
github.com/Ulbora/go-micro-blog/db/user.go:114.59,117.24 3 1
github.com/Ulbora/go-micro-blog/db/user.go:117.24,120.17 3 1
github.com/Ulbora/go-micro-blog/db/user.go:120.17,122.18 2 1
github.com/Ulbora/go-micro-blog/db/user.go:122.18,124.19 2 1
github.com/Ulbora/go-micro-blog/db/user.go:124.19,126.19 2 1
github.com/Ulbora/go-micro-blog/db/user.go:126.19,128.7 1 1
github.com/Ulbora/go-micro-blog/db/user.go:129.6,134.35 6 1
github.com/Ulbora/go-micro-blog/db/user.go:139.2,139.13 1 1
